<?xml version="1.0" encoding="UTF-8"?>
<testsuite xmlns:xsi="http://www.w3.org/2001/XMLSchema-instance" xsi:noNamespaceSchemaLocation="https://maven.apache.org/surefire/maven-surefire-plugin/xsd/surefire-test-report.xsd" name="mobile.ContactBookTest" time="0.102" tests="4" errors="0" skipped="0" failures="0">
  <properties>
[...]
</properties>
  <testcase name="addContactMethodTest" classname="mobile.ContactBookTest" time="0.067"/>
  <testcase name="updateContactMethodTest" classname="mobile.ContactBookTest" time="0"/>
  <testcase name="listAllContactMethodTest" classname="mobile.ContactBookTest" time="0"/>
  <testcase name="deleteContactMethodTest" classname="mobile.ContactBookTest" time="0.002"/>
</testsuite>